This is pdfTeX, Version 3.14159265-2.6-1.40.18 (TeX Live 2017/W32TeX) (preloaded format=pdflatex 2018.3.23)  6 MAR 2019 16:24
entering extended mode
 restricted \write18 enabled.
 %&-line parsing enabled.
**./Relazione_Avantaggiato_Bagal‡.tex
(./Relazione_Avantaggiato_Bagal‡.tex
LaTeX2e <2017-04-15>
Babel <3.18> and hyphenation patterns for 84 language(s) loaded.
(c:/texlive/2017/texmf-dist/tex/latex/base/report.cls
Document Class: report 2014/09/29 v1.4h Standard LaTeX document class
(c:/texlive/2017/texmf-dist/tex/latex/base/size12.clo
File: size12.clo 2014/09/29 v1.4h Standard LaTeX file (size option)
)
\c@part=\count79
\c@chapter=\count80
\c@section=\count81
\c@subsection=\count82
\c@subsubsection=\count83
\c@paragraph=\count84
\c@subparagraph=\count85
\c@figure=\count86
\c@table=\count87
\abovecaptionskip=\skip41
\belowcaptionskip=\skip42
\bibindent=\dimen102
)
(c:/texlive/2017/texmf-dist/tex/latex/geometry/geometry.sty
Package: geometry 2010/09/12 v5.6 Page Geometry

(c:/texlive/2017/texmf-dist/tex/latex/graphics/keyval.sty
Package: keyval 2014/10/28 v1.15 key=value parser (DPC)
\KV@toks@=\toks14
)
(c:/texlive/2017/texmf-dist/tex/generic/oberdiek/ifpdf.sty
Package: ifpdf 2017/03/15 v3.2 Provides the ifpdf switch
)
(c:/texlive/2017/texmf-dist/tex/generic/oberdiek/ifvtex.sty
Package: ifvtex 2016/05/16 v1.6 Detect VTeX and its facilities (HO)
Package ifvtex Info: VTeX not detected.
)
(c:/texlive/2017/texmf-dist/tex/generic/ifxetex/ifxetex.sty
Package: ifxetex 2010/09/12 v0.6 Provides ifxetex conditional
)
\Gm@cnth=\count88
\Gm@cntv=\count89
\c@Gm@tempcnt=\count90
\Gm@bindingoffset=\dimen103
\Gm@wd@mp=\dimen104
\Gm@odd@mp=\dimen105
\Gm@even@mp=\dimen106
\Gm@layoutwidth=\dimen107
\Gm@layoutheight=\dimen108
\Gm@layouthoffset=\dimen109
\Gm@layoutvoffset=\dimen110
\Gm@dimlist=\toks15
)
(c:/texlive/2017/texmf-dist/tex/latex/base/fontenc.sty
Package: fontenc 2017/04/05 v2.0i Standard LaTeX package

(c:/texlive/2017/texmf-dist/tex/latex/base/t1enc.def
File: t1enc.def 2017/04/05 v2.0i Standard LaTeX file
LaTeX Font Info:    Redeclaring font encoding T1 on input line 48.
))
(c:/texlive/2017/texmf-dist/tex/latex/base/inputenc.sty
Package: inputenc 2015/03/17 v1.2c Input encoding file
\inpenc@prehook=\toks16
\inpenc@posthook=\toks17

(c:/texlive/2017/texmf-dist/tex/latex/base/utf8.def
File: utf8.def 2017/01/28 v1.1t UTF-8 support for inputenc
Now handling font encoding OML ...
... no UTF-8 mapping file for font encoding OML
Now handling font encoding T1 ...
... processing UTF-8 mapping file for font encoding T1

(c:/texlive/2017/texmf-dist/tex/latex/base/t1enc.dfu
File: t1enc.dfu 2017/01/28 v1.1t UTF-8 support for inputenc
   defining Unicode char U+00A0 (decimal 160)
   defining Unicode char U+00A1 (decimal 161)
   defining Unicode char U+00A3 (decimal 163)
   defining Unicode char U+00AB (decimal 171)
   defining Unicode char U+00AD (decimal 173)
   defining Unicode char U+00BB (decimal 187)
   defining Unicode char U+00BF (decimal 191)
   defining Unicode char U+00C0 (decimal 192)
   defining Unicode char U+00C1 (decimal 193)
   defining Unicode char U+00C2 (decimal 194)
   defining Unicode char U+00C3 (decimal 195)
   defining Unicode char U+00C4 (decimal 196)
   defining Unicode char U+00C5 (decimal 197)
   defining Unicode char U+00C6 (decimal 198)
   defining Unicode char U+00C7 (decimal 199)
   defining Unicode char U+00C8 (decimal 200)
   defining Unicode char U+00C9 (decimal 201)
   defining Unicode char U+00CA (decimal 202)
   defining Unicode char U+00CB (decimal 203)
   defining Unicode char U+00CC (decimal 204)
   defining Unicode char U+00CD (decimal 205)
   defining Unicode char U+00CE (decimal 206)
   defining Unicode char U+00CF (decimal 207)
   defining Unicode char U+00D0 (decimal 208)
   defining Unicode char U+00D1 (decimal 209)
   defining Unicode char U+00D2 (decimal 210)
   defining Unicode char U+00D3 (decimal 211)
   defining Unicode char U+00D4 (decimal 212)
   defining Unicode char U+00D5 (decimal 213)
   defining Unicode char U+00D6 (decimal 214)
   defining Unicode char U+00D8 (decimal 216)
   defining Unicode char U+00D9 (decimal 217)
   defining Unicode char U+00DA (decimal 218)
   defining Unicode char U+00DB (decimal 219)
   defining Unicode char U+00DC (decimal 220)
   defining Unicode char U+00DD (decimal 221)
   defining Unicode char U+00DE (decimal 222)
   defining Unicode char U+00DF (decimal 223)
   defining Unicode char U+00E0 (decimal 224)
   defining Unicode char U+00E1 (decimal 225)
   defining Unicode char U+00E2 (decimal 226)
   defining Unicode char U+00E3 (decimal 227)
   defining Unicode char U+00E4 (decimal 228)
   defining Unicode char U+00E5 (decimal 229)
   defining Unicode char U+00E6 (decimal 230)
   defining Unicode char U+00E7 (decimal 231)
   defining Unicode char U+00E8 (decimal 232)
   defining Unicode char U+00E9 (decimal 233)
   defining Unicode char U+00EA (decimal 234)
   defining Unicode char U+00EB (decimal 235)
   defining Unicode char U+00EC (decimal 236)
   defining Unicode char U+00ED (decimal 237)
   defining Unicode char U+00EE (decimal 238)
   defining Unicode char U+00EF (decimal 239)
   defining Unicode char U+00F0 (decimal 240)
   defining Unicode char U+00F1 (decimal 241)
   defining Unicode char U+00F2 (decimal 242)
   defining Unicode char U+00F3 (decimal 243)
   defining Unicode char U+00F4 (decimal 244)
   defining Unicode char U+00F5 (decimal 245)
   defining Unicode char U+00F6 (decimal 246)
   defining Unicode char U+00F8 (decimal 248)
   defining Unicode char U+00F9 (decimal 249)
   defining Unicode char U+00FA (decimal 250)
   defining Unicode char U+00FB (decimal 251)
   defining Unicode char U+00FC (decimal 252)
   defining Unicode char U+00FD (decimal 253)
   defining Unicode char U+00FE (decimal 254)
   defining Unicode char U+00FF (decimal 255)
   defining Unicode char U+0100 (decimal 256)
   defining Unicode char U+0101 (decimal 257)
   defining Unicode char U+0102 (decimal 258)
   defining Unicode char U+0103 (decimal 259)
   defining Unicode char U+0104 (decimal 260)
   defining Unicode char U+0105 (decimal 261)
   defining Unicode char U+0106 (decimal 262)
   defining Unicode char U+0107 (decimal 263)
   defining Unicode char U+0108 (decimal 264)
   defining Unicode char U+0109 (decimal 265)
   defining Unicode char U+010A (decimal 266)
   defining Unicode char U+010B (decimal 267)
   defining Unicode char U+010C (decimal 268)
   defining Unicode char U+010D (decimal 269)
   defining Unicode char U+010E (decimal 270)
   defining Unicode char U+010F (decimal 271)
   defining Unicode char U+0110 (decimal 272)
   defining Unicode char U+0111 (decimal 273)
   defining Unicode char U+0112 (decimal 274)
   defining Unicode char U+0113 (decimal 275)
   defining Unicode char U+0114 (decimal 276)
   defining Unicode char U+0115 (decimal 277)
   defining Unicode char U+0116 (decimal 278)
   defining Unicode char U+0117 (decimal 279)
   defining Unicode char U+0118 (decimal 280)
   defining Unicode char U+0119 (decimal 281)
   defining Unicode char U+011A (decimal 282)
   defining Unicode char U+011B (decimal 283)
   defining Unicode char U+011C (decimal 284)
   defining Unicode char U+011D (decimal 285)
   defining Unicode char U+011E (decimal 286)
   defining Unicode char U+011F (decimal 287)
   defining Unicode char U+0120 (decimal 288)
   defining Unicode char U+0121 (decimal 289)
   defining Unicode char U+0122 (decimal 290)
   defining Unicode char U+0123 (decimal 291)
   defining Unicode char U+0124 (decimal 292)
   defining Unicode char U+0125 (decimal 293)
   defining Unicode char U+0128 (decimal 296)
   defining Unicode char U+0129 (decimal 297)
   defining Unicode char U+012A (decimal 298)
   defining Unicode char U+012B (decimal 299)
   defining Unicode char U+012C (decimal 300)
   defining Unicode char U+012D (decimal 301)
   defining Unicode char U+012E (decimal 302)
   defining Unicode char U+012F (decimal 303)
   defining Unicode char U+0130 (decimal 304)
   defining Unicode char U+0131 (decimal 305)
   defining Unicode char U+0132 (decimal 306)
   defining Unicode char U+0133 (decimal 307)
   defining Unicode char U+0134 (decimal 308)
   defining Unicode char U+0135 (decimal 309)
   defining Unicode char U+0136 (decimal 310)
   defining Unicode char U+0137 (decimal 311)
   defining Unicode char U+0139 (decimal 313)
   defining Unicode char U+013A (decimal 314)
   defining Unicode char U+013B (decimal 315)
   defining Unicode char U+013C (decimal 316)
   defining Unicode char U+013D (decimal 317)
   defining Unicode char U+013E (decimal 318)
   defining Unicode char U+0141 (decimal 321)
   defining Unicode char U+0142 (decimal 322)
   defining Unicode char U+0143 (decimal 323)
   defining Unicode char U+0144 (decimal 324)
   defining Unicode char U+0145 (decimal 325)
   defining Unicode char U+0146 (decimal 326)
   defining Unicode char U+0147 (decimal 327)
   defining Unicode char U+0148 (decimal 328)
   defining Unicode char U+014A (decimal 330)
   defining Unicode char U+014B (decimal 331)
   defining Unicode char U+014C (decimal 332)
   defining Unicode char U+014D (decimal 333)
   defining Unicode char U+014E (decimal 334)
   defining Unicode char U+014F (decimal 335)
   defining Unicode char U+0150 (decimal 336)
   defining Unicode char U+0151 (decimal 337)
   defining Unicode char U+0152 (decimal 338)
   defining Unicode char U+0153 (decimal 339)
   defining Unicode char U+0154 (decimal 340)
   defining Unicode char U+0155 (decimal 341)
   defining Unicode char U+0156 (decimal 342)
   defining Unicode char U+0157 (decimal 343)
   defining Unicode char U+0158 (decimal 344)
   defining Unicode char U+0159 (decimal 345)
   defining Unicode char U+015A (decimal 346)
   defining Unicode char U+015B (decimal 347)
   defining Unicode char U+015C (decimal 348)
   defining Unicode char U+015D (decimal 349)
   defining Unicode char U+015E (decimal 350)
   defining Unicode char U+015F (decimal 351)
   defining Unicode char U+0160 (decimal 352)
   defining Unicode char U+0161 (decimal 353)
   defining Unicode char U+0162 (decimal 354)
   defining Unicode char U+0163 (decimal 355)
   defining Unicode char U+0164 (decimal 356)
   defining Unicode char U+0165 (decimal 357)
   defining Unicode char U+0168 (decimal 360)
   defining Unicode char U+0169 (decimal 361)
   defining Unicode char U+016A (decimal 362)
   defining Unicode char U+016B (decimal 363)
   defining Unicode char U+016C (decimal 364)
   defining Unicode char U+016D (decimal 365)
   defining Unicode char U+016E (decimal 366)
   defining Unicode char U+016F (decimal 367)
   defining Unicode char U+0170 (decimal 368)
   defining Unicode char U+0171 (decimal 369)
   defining Unicode char U+0172 (decimal 370)
   defining Unicode char U+0173 (decimal 371)
   defining Unicode char U+0174 (decimal 372)
   defining Unicode char U+0175 (decimal 373)
   defining Unicode char U+0176 (decimal 374)
   defining Unicode char U+0177 (decimal 375)
   defining Unicode char U+0178 (decimal 376)
   defining Unicode char U+0179 (decimal 377)
   defining Unicode char U+017A (decimal 378)
   defining Unicode char U+017B (decimal 379)
   defining Unicode char U+017C (decimal 380)
   defining Unicode char U+017D (decimal 381)
   defining Unicode char U+017E (decimal 382)
   defining Unicode char U+01CD (decimal 461)
   defining Unicode char U+01CE (decimal 462)
   defining Unicode char U+01CF (decimal 463)
   defining Unicode char U+01D0 (decimal 464)
   defining Unicode char U+01D1 (decimal 465)
   defining Unicode char U+01D2 (decimal 466)
   defining Unicode char U+01D3 (decimal 467)
   defining Unicode char U+01D4 (decimal 468)
   defining Unicode char U+01E2 (decimal 482)
   defining Unicode char U+01E3 (decimal 483)
   defining Unicode char U+01E6 (decimal 486)
   defining Unicode char U+01E7 (decimal 487)
   defining Unicode char U+01E8 (decimal 488)
   defining Unicode char U+01E9 (decimal 489)
   defining Unicode char U+01EA (decimal 490)
   defining Unicode char U+01EB (decimal 491)
   defining Unicode char U+01F0 (decimal 496)
   defining Unicode char U+01F4 (decimal 500)
   defining Unicode char U+01F5 (decimal 501)
   defining Unicode char U+0218 (decimal 536)
   defining Unicode char U+0219 (decimal 537)
   defining Unicode char U+021A (decimal 538)
   defining Unicode char U+021B (decimal 539)
   defining Unicode char U+0232 (decimal 562)
   defining Unicode char U+0233 (decimal 563)
   defining Unicode char U+1E02 (decimal 7682)
   defining Unicode char U+1E03 (decimal 7683)
   defining Unicode char U+200C (decimal 8204)
   defining Unicode char U+2010 (decimal 8208)
   defining Unicode char U+2011 (decimal 8209)
   defining Unicode char U+2012 (decimal 8210)
   defining Unicode char U+2013 (decimal 8211)
   defining Unicode char U+2014 (decimal 8212)
   defining Unicode char U+2015 (decimal 8213)
   defining Unicode char U+2018 (decimal 8216)
   defining Unicode char U+2019 (decimal 8217)
   defining Unicode char U+201A (decimal 8218)
   defining Unicode char U+201C (decimal 8220)
   defining Unicode char U+201D (decimal 8221)
   defining Unicode char U+201E (decimal 8222)
   defining Unicode char U+2030 (decimal 8240)
   defining Unicode char U+2031 (decimal 8241)
   defining Unicode char U+2039 (decimal 8249)
   defining Unicode char U+203A (decimal 8250)
   defining Unicode char U+2423 (decimal 9251)
   defining Unicode char U+1E20 (decimal 7712)
   defining Unicode char U+1E21 (decimal 7713)
)
Now handling font encoding OT1 ...
... processing UTF-8 mapping file for font encoding OT1

(c:/texlive/2017/texmf-dist/tex/latex/base/ot1enc.dfu
File: ot1enc.dfu 2017/01/28 v1.1t UTF-8 support for inputenc
   defining Unicode char U+00A0 (decimal 160)
   defining Unicode char U+00A1 (decimal 161)
   defining Unicode char U+00A3 (decimal 163)
   defining Unicode char U+00AD (decimal 173)
   defining Unicode char U+00B8 (decimal 184)
   defining Unicode char U+00BF (decimal 191)
   defining Unicode char U+00C5 (decimal 197)
   defining Unicode char U+00C6 (decimal 198)
   defining Unicode char U+00D8 (decimal 216)
   defining Unicode char U+00DF (decimal 223)
   defining Unicode char U+00E6 (decimal 230)
   defining Unicode char U+00EC (decimal 236)
   defining Unicode char U+00ED (decimal 237)
   defining Unicode char U+00EE (decimal 238)
   defining Unicode char U+00EF (decimal 239)
   defining Unicode char U+00F8 (decimal 248)
   defining Unicode char U+0131 (decimal 305)
   defining Unicode char U+0141 (decimal 321)
   defining Unicode char U+0142 (decimal 322)
   defining Unicode char U+0152 (decimal 338)
   defining Unicode char U+0153 (decimal 339)
   defining Unicode char U+0174 (decimal 372)
   defining Unicode char U+0175 (decimal 373)
   defining Unicode char U+0176 (decimal 374)
   defining Unicode char U+0177 (decimal 375)
   defining Unicode char U+0218 (decimal 536)
   defining Unicode char U+0219 (decimal 537)
   defining Unicode char U+021A (decimal 538)
   defining Unicode char U+021B (decimal 539)
   defining Unicode char U+2013 (decimal 8211)
   defining Unicode char U+2014 (decimal 8212)
   defining Unicode char U+2018 (decimal 8216)
   defining Unicode char U+2019 (decimal 8217)
   defining Unicode char U+201C (decimal 8220)
   defining Unicode char U+201D (decimal 8221)
)
Now handling font encoding OMS ...
... processing UTF-8 mapping file for font encoding OMS

(c:/texlive/2017/texmf-dist/tex/latex/base/omsenc.dfu
File: omsenc.dfu 2017/01/28 v1.1t UTF-8 support for inputenc
   defining Unicode char U+00A7 (decimal 167)
   defining Unicode char U+00B6 (decimal 182)
   defining Unicode char U+00B7 (decimal 183)
   defining Unicode char U+2020 (decimal 8224)
   defining Unicode char U+2021 (decimal 8225)
   defining Unicode char U+2022 (decimal 8226)
)
Now handling font encoding OMX ...
... no UTF-8 mapping file for font encoding OMX
Now handling font encoding U ...
... no UTF-8 mapping file for font encoding U
   defining Unicode char U+00A9 (decimal 169)
   defining Unicode char U+00AA (decimal 170)
   defining Unicode char U+00AE (decimal 174)
   defining Unicode char U+00BA (decimal 186)
   defining Unicode char U+02C6 (decimal 710)
   defining Unicode char U+02DC (decimal 732)
   defining Unicode char U+200C (decimal 8204)
   defining Unicode char U+2026 (decimal 8230)
   defining Unicode char U+2122 (decimal 8482)
   defining Unicode char U+2423 (decimal 9251)
))
(c:/texlive/2017/texmf-dist/tex/generic/babel/babel.sty
Package: babel 2018/02/14 3.18 The Babel package

(c:/texlive/2017/texmf-dist/tex/generic/babel/switch.def
File: switch.def 2018/02/14 3.18 Babel switching mechanism
)
(c:/texlive/2017/texmf-dist/tex/generic/babel-italian/italian.ldf
Language: italian 2015/03/26 v1.3n Italian support from the babel system

(c:/texlive/2017/texmf-dist/tex/generic/babel/babel.def
File: babel.def 2018/02/14 3.18 Babel common definitions
\babel@savecnt=\count91
\U@D=\dimen111

(c:/texlive/2017/texmf-dist/tex/generic/babel/txtbabel.def)
\bbl@dirlevel=\count92
)
\it@lettering=\count93
\it@doublequoteactive=\count94
\it@ISOcompliance=\count95
))
(c:/texlive/2017/texmf-dist/tex/latex/etoolbox/etoolbox.sty
Package: etoolbox 2018/02/11 v2.5e e-TeX tools for LaTeX (JAW)
\etb@tempcnta=\count96
)
(c:/texlive/2017/texmf-dist/tex/latex/lipsum/lipsum.sty
Package: lipsum 2014/07/27 v1.3 150 paragraphs of Lorem Ipsum dummy text
\c@lips@count=\count97
)
(c:/texlive/2017/texmf-dist/tex/latex/url/url.sty
\Urlmuskip=\muskip10
Package: url 2013/09/16  ver 3.4  Verb mode for urls, etc.
)
(c:/texlive/2017/texmf-dist/tex/latex/graphics/graphicx.sty
Package: graphicx 2017/06/01 v1.1a Enhanced LaTeX Graphics (DPC,SPQR)

(c:/texlive/2017/texmf-dist/tex/latex/graphics/graphics.sty
Package: graphics 2017/06/25 v1.2c Standard LaTeX Graphics (DPC,SPQR)

(c:/texlive/2017/texmf-dist/tex/latex/graphics/trig.sty
Package: trig 2016/01/03 v1.10 sin cos tan (DPC)
)
(c:/texlive/2017/texmf-dist/tex/latex/graphics-cfg/graphics.cfg
File: graphics.cfg 2016/06/04 v1.11 sample graphics configuration
)
Package graphics Info: Driver file: pdftex.def on input line 99.

(c:/texlive/2017/texmf-dist/tex/latex/graphics-def/pdftex.def
File: pdftex.def 2018/01/08 v1.0l Graphics/color driver for pdftex
))
\Gin@req@height=\dimen112
\Gin@req@width=\dimen113
)
(c:/texlive/2017/texmf-dist/tex/latex/subfigure/subfigure.sty
Package: subfigure 2002/03/15 v2.1.5 subfigure package
\subfigtopskip=\skip43
\subfigcapskip=\skip44
\subfigcaptopadj=\dimen114
\subfigbottomskip=\skip45
\subfigcapmargin=\dimen115
\subfiglabelskip=\skip46
\c@subfigure=\count98
\c@lofdepth=\count99
\c@subtable=\count100
\c@lotdepth=\count101

****************************************
* Local config file subfigure.cfg used *
****************************************
(c:/texlive/2017/texmf-dist/tex/latex/subfigure/subfigure.cfg)
\subfig@top=\skip47
\subfig@bottom=\skip48
)
(c:/texlive/2017/texmf-dist/tex/latex/float/float.sty
Package: float 2001/11/08 v1.3d Float enhancements (AL)
\c@float@type=\count102
\float@exts=\toks18
\float@box=\box26
\@float@everytoks=\toks19
\@floatcapt=\box27
)
(c:/texlive/2017/texmf-dist/tex/latex/caption/caption.sty
Package: caption 2016/02/21 v3.3-144 Customizing captions (AR)

(c:/texlive/2017/texmf-dist/tex/latex/caption/caption3.sty
Package: caption3 2016/05/22 v1.7-166 caption3 kernel (AR)
Package caption3 Info: TeX engine: e-TeX on input line 67.
\captionmargin=\dimen116
\captionmargin@=\dimen117
\captionwidth=\dimen118
\caption@tempdima=\dimen119
\caption@indent=\dimen120
\caption@parindent=\dimen121
\caption@hangindent=\dimen122
)
\c@ContinuedFloat=\count103
Package caption Info: float package is loaded.
Package caption Info: subfigure package is loaded.
)
(c:/texlive/2017/texmf-dist/tex/latex/threeparttable/threeparttable.sty
Package: threeparttable 2003/06/13  v 3.0
\@tempboxb=\box28
)
(c:/texlive/2017/texmf-dist/tex/latex/base/latexsym.sty
Package: latexsym 1998/08/17 v2.2e Standard LaTeX package (lasy symbols)
\symlasy=\mathgroup4
LaTeX Font Info:    Overwriting symbol font `lasy' in version `bold'
(Font)                  U/lasy/m/n --> U/lasy/b/n on input line 52.
)
(c:/texlive/2017/texmf-dist/tex/latex/wrapfig/wrapfig.sty
\wrapoverhang=\dimen123
\WF@size=\dimen124
\c@WF@wrappedlines=\count104
\WF@box=\box29
\WF@everypar=\toks20
Package: wrapfig 2003/01/31  v 3.6
)
(c:/texlive/2017/texmf-dist/tex/latex/amsmath/amsmath.sty
Package: amsmath 2017/09/02 v2.17a AMS math features
\@mathmargin=\skip49

For additional information on amsmath, use the `?' option.
(c:/texlive/2017/texmf-dist/tex/latex/amsmath/amstext.sty
Package: amstext 2000/06/29 v2.01 AMS text

(c:/texlive/2017/texmf-dist/tex/latex/amsmath/amsgen.sty
File: amsgen.sty 1999/11/30 v2.0 generic functions
\@emptytoks=\toks21
\ex@=\dimen125
))
(c:/texlive/2017/texmf-dist/tex/latex/amsmath/amsbsy.sty
Package: amsbsy 1999/11/29 v1.2d Bold Symbols
\pmbraise@=\dimen126
)
(c:/texlive/2017/texmf-dist/tex/latex/amsmath/amsopn.sty
Package: amsopn 2016/03/08 v2.02 operator names
)
\inf@bad=\count105
LaTeX Info: Redefining \frac on input line 213.
\uproot@=\count106
\leftroot@=\count107
LaTeX Info: Redefining \overline on input line 375.
\classnum@=\count108
\DOTSCASE@=\count109
LaTeX Info: Redefining \ldots on input line 472.
LaTeX Info: Redefining \dots on input line 475.
LaTeX Info: Redefining \cdots on input line 596.
\Mathstrutbox@=\box30
\strutbox@=\box31
\big@size=\dimen127
LaTeX Font Info:    Redeclaring font encoding OML on input line 712.
LaTeX Font Info:    Redeclaring font encoding OMS on input line 713.
\macc@depth=\count110
\c@MaxMatrixCols=\count111
\dotsspace@=\muskip11
\c@parentequation=\count112
\dspbrk@lvl=\count113
\tag@help=\toks22
\row@=\count114
\column@=\count115
\maxfields@=\count116
\andhelp@=\toks23
\eqnshift@=\dimen128
\alignsep@=\dimen129
\tagshift@=\dimen130
\tagwidth@=\dimen131
\totwidth@=\dimen132
\lineht@=\dimen133
\@envbody=\toks24
\multlinegap=\skip50
\multlinetaggap=\skip51
\mathdisplay@stack=\toks25
LaTeX Info: Redefining \[ on input line 2817.
LaTeX Info: Redefining \] on input line 2818.
)
(c:/texlive/2017/texmf-dist/tex/latex/amsfonts/amsfonts.sty
Package: amsfonts 2013/01/14 v3.01 Basic AMSFonts support
\symAMSa=\mathgroup5
\symAMSb=\mathgroup6
LaTeX Font Info:    Overwriting math alphabet `\mathfrak' in version `bold'
(Font)                  U/euf/m/n --> U/euf/b/n on input line 106.
)
(c:/texlive/2017/texmf-dist/tex/latex/titling/titling.sty
Package: titling 2009/09/04 v2.1d maketitle typesetting
\thanksmarkwidth=\skip52
\thanksmargin=\skip53
\droptitle=\skip54
)
(c:/texlive/2017/texmf-dist/tex/latex/listings/listings.sty
\lst@mode=\count117
\lst@gtempboxa=\box32
\lst@token=\toks26
\lst@length=\count118
\lst@currlwidth=\dimen134
\lst@column=\count119
\lst@pos=\count120
\lst@lostspace=\dimen135
\lst@width=\dimen136
\lst@newlines=\count121
\lst@lineno=\count122
\lst@maxwidth=\dimen137

(c:/texlive/2017/texmf-dist/tex/latex/listings/lstmisc.sty
File: lstmisc.sty 2015/06/04 1.6 (Carsten Heinz)
\c@lstnumber=\count123
\lst@skipnumbers=\count124
\lst@framebox=\box33
)
(c:/texlive/2017/texmf-dist/tex/latex/listings/listings.cfg
File: listings.cfg 2015/06/04 1.6 listings configuration
))
Package: listings 2015/06/04 1.6 (Carsten Heinz)

(c:/texlive/2017/texmf-dist/tex/latex/graphics/color.sty
Package: color 2016/07/10 v1.1e Standard LaTeX Color (DPC)

(c:/texlive/2017/texmf-dist/tex/latex/graphics-cfg/color.cfg
File: color.cfg 2016/01/02 v1.6 sample color configuration
)
Package color Info: Driver file: pdftex.def on input line 147.
)
(c:/texlive/2017/texmf-dist/tex/latex/booktabs/booktabs.sty
Package: booktabs 2016/04/27 v1.618033 publication quality tables
\heavyrulewidth=\dimen138
\lightrulewidth=\dimen139
\cmidrulewidth=\dimen140
\belowrulesep=\dimen141
\belowbottomsep=\dimen142
\aboverulesep=\dimen143
\abovetopsep=\dimen144
\cmidrulesep=\dimen145
\cmidrulekern=\dimen146
\defaultaddspace=\dimen147
\@cmidla=\count125
\@cmidlb=\count126
\@aboverulesep=\dimen148
\@belowrulesep=\dimen149
\@thisruleclass=\count127
\@lastruleclass=\count128
\@thisrulewidth=\dimen150
)
(c:/texlive/2017/texmf-dist/tex/latex/adjustbox/adjustbox.sty
Package: adjustbox 2012/05/21 v1.0 Adjusting TeX boxes (trim, clip, ...)

(c:/texlive/2017/texmf-dist/tex/latex/xkeyval/xkeyval.sty
Package: xkeyval 2014/12/03 v2.7a package option processing (HA)

(c:/texlive/2017/texmf-dist/tex/generic/xkeyval/xkeyval.tex
(c:/texlive/2017/texmf-dist/tex/generic/xkeyval/xkvutils.tex
\XKV@toks=\toks27
\XKV@tempa@toks=\toks28
)
\XKV@depth=\count129
File: xkeyval.tex 2014/12/03 v2.7a key=value parser (HA)
))
(c:/texlive/2017/texmf-dist/tex/latex/adjustbox/adjcalc.sty
Package: adjcalc 2012/05/16 v1.1 Provides advanced setlength with multiple back
-ends (calc, etex, pgfmath)
)
(c:/texlive/2017/texmf-dist/tex/latex/adjustbox/trimclip.sty
Package: trimclip 2012/05/16 v1.0 Trim and clip general TeX material

(c:/texlive/2017/texmf-dist/tex/latex/collectbox/collectbox.sty
Package: collectbox 2012/05/17 v0.4b Collect macro arguments as boxes
\collectedbox=\box34
)
\tc@llx=\dimen151
\tc@lly=\dimen152
\tc@urx=\dimen153
\tc@ury=\dimen154
Package trimclip Info: Using driver 'tc-pdftex.def'.

(c:/texlive/2017/texmf-dist/tex/latex/adjustbox/tc-pdftex.def
File: tc-pdftex.def 2012/05/13 v1.0 Clipping driver for pdftex
))
\adjbox@Width=\dimen155
\adjbox@Height=\dimen156
\adjbox@Depth=\dimen157
\adjbox@Totalheight=\dimen158

(c:/texlive/2017/texmf-dist/tex/latex/ifoddpage/ifoddpage.sty
Package: ifoddpage 2016/04/23 v1.1 Conditionals for odd/even page detection
\c@checkoddpage=\count130
)
(c:/texlive/2017/texmf-dist/tex/latex/varwidth/varwidth.sty
Package: varwidth 2009/03/30 ver 0.92;  Variable-width minipages
\@vwid@box=\box35
\sift@deathcycles=\count131
\@vwid@loff=\dimen159
\@vwid@roff=\dimen160
))
(c:/texlive/2017/texmf-dist/tex/latex/hyperref/hyperref.sty
Package: hyperref 2018/02/06 v6.86b Hypertext links for LaTeX

(c:/texlive/2017/texmf-dist/tex/generic/oberdiek/hobsub-hyperref.sty
Package: hobsub-hyperref 2016/05/16 v1.14 Bundle oberdiek, subset hyperref (HO)


(c:/texlive/2017/texmf-dist/tex/generic/oberdiek/hobsub-generic.sty
Package: hobsub-generic 2016/05/16 v1.14 Bundle oberdiek, subset generic (HO)
Package: hobsub 2016/05/16 v1.14 Construct package bundles (HO)
Package: infwarerr 2016/05/16 v1.4 Providing info/warning/error messages (HO)
Package: ltxcmds 2016/05/16 v1.23 LaTeX kernel commands for general use (HO)
Package: ifluatex 2016/05/16 v1.4 Provides the ifluatex switch (HO)
Package ifluatex Info: LuaTeX not detected.
Package hobsub Info: Skipping package `ifvtex' (already loaded).
Package: intcalc 2016/05/16 v1.2 Expandable calculations with integers (HO)
Package hobsub Info: Skipping package `ifpdf' (already loaded).
Package: etexcmds 2016/05/16 v1.6 Avoid name clashes with e-TeX commands (HO)
Package etexcmds Info: Could not find \expanded.
(etexcmds)             That can mean that you are not using pdfTeX 1.50 or
(etexcmds)             that some package has redefined \expanded.
(etexcmds)             In the latter case, load this package earlier.
Package: kvsetkeys 2016/05/16 v1.17 Key value parser (HO)
Package: kvdefinekeys 2016/05/16 v1.4 Define keys (HO)
Package: pdftexcmds 2018/01/21 v0.26 Utility functions of pdfTeX for LuaTeX (HO
)
Package pdftexcmds Info: LuaTeX not detected.
Package pdftexcmds Info: \pdf@primitive is available.
Package pdftexcmds Info: \pdf@ifprimitive is available.
Package pdftexcmds Info: \pdfdraftmode found.
Package: pdfescape 2016/05/16 v1.14 Implements pdfTeX's escape features (HO)
Package: bigintcalc 2016/05/16 v1.4 Expandable calculations on big integers (HO
)
Package: bitset 2016/05/16 v1.2 Handle bit-vector datatype (HO)
Package: uniquecounter 2016/05/16 v1.3 Provide unlimited unique counter (HO)
)
Package hobsub Info: Skipping package `hobsub' (already loaded).
Package: letltxmacro 2016/05/16 v1.5 Let assignment for LaTeX macros (HO)
Package: hopatch 2016/05/16 v1.3 Wrapper for package hooks (HO)
Package: xcolor-patch 2016/05/16 xcolor patch
Package: atveryend 2016/05/16 v1.9 Hooks at the very end of document (HO)
Package: atbegshi 2016/06/09 v1.18 At begin shipout hook (HO)
Package: refcount 2016/05/16 v3.5 Data extraction from label references (HO)
Package: hycolor 2016/05/16 v1.8 Color options for hyperref/bookmark (HO)
)
(c:/texlive/2017/texmf-dist/tex/latex/oberdiek/auxhook.sty
Package: auxhook 2016/05/16 v1.4 Hooks for auxiliary files (HO)
)
(c:/texlive/2017/texmf-dist/tex/latex/oberdiek/kvoptions.sty
Package: kvoptions 2016/05/16 v3.12 Key value format for package options (HO)
)
\@linkdim=\dimen161
\Hy@linkcounter=\count132
\Hy@pagecounter=\count133

(c:/texlive/2017/texmf-dist/tex/latex/hyperref/pd1enc.def
File: pd1enc.def 2018/02/06 v6.86b Hyperref: PDFDocEncoding definition (HO)
Now handling font encoding PD1 ...
... no UTF-8 mapping file for font encoding PD1
)
\Hy@SavedSpaceFactor=\count134

(c:/texlive/2017/texmf-dist/tex/latex/latexconfig/hyperref.cfg
File: hyperref.cfg 2002/06/06 v1.2 hyperref configuration of TeXLive
)
Package hyperref Info: Hyper figures OFF on input line 4509.
Package hyperref Info: Link nesting OFF on input line 4514.
Package hyperref Info: Hyper index ON on input line 4517.
Package hyperref Info: Plain pages OFF on input line 4524.
Package hyperref Info: Backreferencing OFF on input line 4529.
Package hyperref Info: Implicit mode ON; LaTeX internals redefined.
Package hyperref Info: Bookmarks ON on input line 4762.
\c@Hy@tempcnt=\count135
LaTeX Info: Redefining \url on input line 5115.
\XeTeXLinkMargin=\dimen162
\Fld@menulength=\count136
\Field@Width=\dimen163
\Fld@charsize=\dimen164
Package hyperref Info: Hyper figures OFF on input line 6369.
Package hyperref Info: Link nesting OFF on input line 6374.
Package hyperref Info: Hyper index ON on input line 6377.
Package hyperref Info: backreferencing OFF on input line 6384.
Package hyperref Info: Link coloring OFF on input line 6389.
Package hyperref Info: Link coloring with OCG OFF on input line 6394.
Package hyperref Info: PDF/A mode OFF on input line 6399.
LaTeX Info: Redefining \ref on input line 6439.
LaTeX Info: Redefining \pageref on input line 6443.
\Hy@abspage=\count137
\c@Item=\count138
\c@Hfootnote=\count139
)
Package hyperref Info: Driver (autodetected): hpdftex.

(c:/texlive/2017/texmf-dist/tex/latex/hyperref/hpdftex.def
File: hpdftex.def 2018/02/06 v6.86b Hyperref driver for pdfTeX
\Fld@listcount=\count140
\c@bookmark@seq@number=\count141

(c:/texlive/2017/texmf-dist/tex/latex/oberdiek/rerunfilecheck.sty
Package: rerunfilecheck 2016/05/16 v1.8 Rerun checks for auxiliary files (HO)
Package uniquecounter Info: New unique counter `rerunfilecheck' on input line 2
82.
)
\Hy@SectionHShift=\skip55
)
(c:/texlive/2017/texmf-dist/tex/latex/was/gensymb.sty
Package: gensymb 2003/07/02 v1.0 (WaS)
)
(c:/texlive/2017/texmf-dist/tex/latex/chngcntr/chngcntr.sty
Package: chngcntr 2009/09/02 v1.0a change counter resetting
)
(c:/texlive/2017/texmf-dist/tex/latex/setspace/setspace.sty
Package: setspace 2011/12/19 v6.7a set line spacing
)
(c:/texlive/2017/texmf-dist/tex/latex/arydshln/arydshln.sty
Package: arydshln 2016/04/28 v1.73 
\dashlinedash=\dimen165
\dashlinegap=\dimen166
\adl@box=\box36
\adl@height=\dimen167
\adl@heightsave=\dimen168
\adl@depth=\dimen169
\adl@depthsave=\dimen170
\adl@finaldepth=\dimen171
\adl@columns=\count142
\adl@ncol=\count143
\adl@currentcolumn=\count144
\adl@currentcolumnsave=\count145
\adl@totalheight=\count146
\adl@totalheightsave=\count147
\adl@dash=\count148
\adl@gap=\count149
\adl@cla=\count150
\adl@clb=\count151
\adl@everyvbox=\toks29
\adl@LTpagetotal=\dimen172
)
(c:/texlive/2017/texmf-dist/tex/latex/multirow/multirow.sty
Package: multirow 2016/11/25 v2.2 Span multiple rows of a table
\multirow@colwidth=\skip56
\multirow@cntb=\count152
\multirow@dima=\skip57
\bigstrutjot=\dimen173
)
(c:/texlive/2017/texmf-dist/tex/latex/placeins/placeins.sty
Package: placeins 2005/04/18  v 2.2
)
(./Relazione_Avantaggiato_Bagal‡.aux

LaTeX Warning: Label `EspOut20' multiply defined.


LaTeX Warning: Label `EspOut30' multiply defined.

)
\openout1 = `Relazione_Avantaggiato_Bagal‡.aux'.

LaTeX Font Info:    Checking defaults for OML/cmm/m/it on input line 60.
LaTeX Font Info:    ... okay on input line 60.
LaTeX Font Info:    Checking defaults for T1/cmr/m/n on input line 60.
LaTeX Font Info:    ... okay on input line 60.
LaTeX Font Info:    Checking defaults for OT1/cmr/m/n on input line 60.
LaTeX Font Info:    ... okay on input line 60.
LaTeX Font Info:    Checking defaults for OMS/cmsy/m/n on input line 60.
LaTeX Font Info:    ... okay on input line 60.
LaTeX Font Info:    Checking defaults for OMX/cmex/m/n on input line 60.
LaTeX Font Info:    ... okay on input line 60.
LaTeX Font Info:    Checking defaults for U/cmr/m/n on input line 60.
LaTeX Font Info:    ... okay on input line 60.
LaTeX Font Info:    Checking defaults for PD1/pdf/m/n on input line 60.
LaTeX Font Info:    ... okay on input line 60.

*geometry* driver: auto-detecting
*geometry* detected driver: pdftex
*geometry* verbose mode - [ preamble ] result:
* driver: pdftex
* paper: a4paper
* layout: <same size as paper>
* layoutoffset:(h,v)=(0.0pt,0.0pt)
* modes: heightrounded 
* h-part:(L,W,R)=(85.35826pt, 426.79135pt, 85.35826pt)
* v-part:(T,H,B)=(113.81102pt, 617.4248pt, 113.81102pt)
* \paperwidth=597.50787pt
* \paperheight=845.04684pt
* \textwidth=426.79135pt
* \textheight=621.0pt
* \oddsidemargin=13.08827pt
* \evensidemargin=13.08827pt
* \topmargin=4.54103pt
* \headheight=12.0pt
* \headsep=25.0pt
* \topskip=12.0pt
* \footskip=30.0pt
* \marginparwidth=44.0pt
* \marginparsep=10.0pt
* \columnsep=10.0pt
* \skip\footins=10.8pt plus 4.0pt minus 2.0pt
* \hoffset=0.0pt
* \voffset=0.0pt
* \mag=1000
* \@twocolumnfalse
* \@twosidefalse
* \@mparswitchfalse
* \@reversemarginfalse
* (1in=72.27pt=25.4mm, 1cm=28.453pt)

LaTeX Info: Redefining \it@ocap on input line 60.
LaTeX Info: Redefining \it@ccap on input line 60.
(c:/texlive/2017/texmf-dist/tex/context/base/mkii/supp-pdf.mkii
[Loading MPS to PDF converter (version 2006.09.02).]
\scratchcounter=\count153
\scratchdimen=\dimen174
\scratchbox=\box37
\nofMPsegments=\count154
\nofMParguments=\count155
\everyMPshowfont=\toks30
\MPscratchCnt=\count156
\MPscratchDim=\dimen175
\MPnumerator=\count157
\makeMPintoPDFobject=\count158
\everyMPtoPDFconversion=\toks31
) (c:/texlive/2017/texmf-dist/tex/latex/oberdiek/epstopdf-base.sty
Package: epstopdf-base 2016/05/15 v2.6 Base part for package epstopdf

(c:/texlive/2017/texmf-dist/tex/latex/oberdiek/grfext.sty
Package: grfext 2016/05/16 v1.2 Manage graphics extensions (HO)
)
Package epstopdf-base Info: Redefining graphics rule for `.eps' on input line 4
38.
Package grfext Info: Graphics extension search list:
(grfext)             [.pdf,.png,.jpg,.mps,.jpeg,.jbig2,.jb2,.PDF,.PNG,.JPG,.JPE
G,.JBIG2,.JB2,.eps]
(grfext)             \AppendGraphicsExtensions on input line 456.

(c:/texlive/2017/texmf-dist/tex/latex/latexconfig/epstopdf-sys.cfg
File: epstopdf-sys.cfg 2010/07/13 v1.3 Configuration of (r)epstopdf for TeX Liv
e
))
Package caption Info: Begin \AtBeginDocument code.
Package caption Info: hyperref package is loaded.
Package caption Info: listings package is loaded.
Package caption Info: threeparttable package is loaded.
Package caption Info: wrapfig package is loaded.
Package caption Info: End \AtBeginDocument code.
\c@lstlisting=\count159
\AtBeginShipoutBox=\box38
Package hyperref Info: Link coloring OFF on input line 60.

(c:/texlive/2017/texmf-dist/tex/latex/hyperref/nameref.sty
Package: nameref 2016/05/21 v2.44 Cross-referencing by name of section

(c:/texlive/2017/texmf-dist/tex/generic/oberdiek/gettitlestring.sty
Package: gettitlestring 2016/05/16 v1.5 Cleanup title references (HO)
)
\c@section@level=\count160
)
LaTeX Info: Redefining \ref on input line 60.
LaTeX Info: Redefining \pageref on input line 60.
LaTeX Info: Redefining \nameref on input line 60.

(./Relazione_Avantaggiato_Bagal‡.out) (./Relazione_Avantaggiato_Bagal‡.out)
\@outlinefile=\write3
\openout3 = `Relazione_Avantaggiato_Bagal‡.out'.

LaTeX Info: Redefining \celsius on input line 60.
Package gensymb Info: Faking symbols for \degree and \celsius on input line 60.



Package gensymb Warning: Not defining \perthousand.

LaTeX Info: Redefining \ohm on input line 60.
Package gensymb Info: Using \Omega for \ohm on input line 60.

Package gensymb Warning: Not defining \micro.

LaTeX Font Info:    Try loading font information for U+lasy on input line 63.
(c:/texlive/2017/texmf-dist/tex/latex/base/ulasy.fd
File: ulasy.fd 1998/08/17 v2.2e LaTeX symbol font definitions
)
LaTeX Font Info:    Try loading font information for U+msa on input line 63.

(c:/texlive/2017/texmf-dist/tex/latex/amsfonts/umsa.fd
File: umsa.fd 2013/01/14 v3.01 AMS symbols A
)
LaTeX Font Info:    Try loading font information for U+msb on input line 63.

(c:/texlive/2017/texmf-dist/tex/latex/amsfonts/umsb.fd
File: umsb.fd 2013/01/14 v3.01 AMS symbols B
)
LaTeX Font Info:    Try loading font information for T1+cmtt on input line 63.

(c:/texlive/2017/texmf-dist/tex/latex/base/t1cmtt.fd
File: t1cmtt.fd 2014/09/29 v2.5h Standard LaTeX font definitions
) [1

{c:/texlive/2017/texmf-var/fonts/map/pdftex/updmap/pdftex.map}] (./Relazione_Av
antaggiato_Bagal‡.tocpdfTeX warning (ext4): destination with the same identifie
r (name{page.1}) has been already used, duplicate ignored
<to be read again> 
                   \relax 
l.30 ...ine {subsubsection}{Gain}{31}{section*.29}
                                                   [1

])
\tf@toc=\write4
\openout4 = `Relazione_Avantaggiato_Bagal‡.toc'.

 [2] [3]
<system_tag.png, id=222, 638.385pt x 318.18875pt>
File: system_tag.png Graphic file (type png)
<use system_tag.png>
Package pdftex.def Info: system_tag.png  used on input line 83.
(pdftex.def)             Requested size: 319.19171pt x 159.09398pt.


LaTeX Warning: Command \textellipsis invalid in math mode on input line 89.

[4 <./system_tag.png>]
<anchor_placement.png, id=240, 87.02513pt x 86.42288pt>
File: anchor_placement.png Graphic file (type png)
<use anchor_placement.png>
Package pdftex.def Info: anchor_placement.png  used on input line 107.
(pdftex.def)             Requested size: 156.64508pt x 155.56104pt.
LaTeX Font Info:    Try loading font information for OMS+cmr on input line 118.

 (c:/texlive/2017/texmf-dist/tex/latex/base/omscmr.fd
File: omscmr.fd 2014/09/29 v2.5h Standard LaTeX font definitions
)
LaTeX Font Info:    Font shape `OMS/cmr/m/n' in size <12> not available
(Font)              Font shape `OMS/cmsy/m/n' tried instead on input line 118.

[5 <./anchor_placement.png>]

Package hyperref Warning: Token not allowed in a PDF string (PDFDocEncoding):
(hyperref)                removing `math shift' on input line 130.


Package hyperref Warning: Token not allowed in a PDF string (PDFDocEncoding):
(hyperref)                removing `superscript' on input line 130.


Package hyperref Warning: Token not allowed in a PDF string (PDFDocEncoding):
(hyperref)                removing `\@ifnextchar' on input line 130.


Package hyperref Warning: Token not allowed in a PDF string (PDFDocEncoding):
(hyperref)                removing `math shift' on input line 130.

[6] [7] [8]
Overfull \hbox (3.99115pt too wide) in paragraph at lines 182--203
 [][] 
 []


Underfull \hbox (badness 10000) in paragraph at lines 206--207

 []

[9]
<pozyx_pins2.png, id=285, 153.57375pt x 126.17137pt>
File: pozyx_pins2.png Graphic file (type png)
<use pozyx_pins2.png>
Package pdftex.def Info: pozyx_pins2.png  used on input line 212.
(pdftex.def)             Requested size: 184.28757pt x 151.40486pt.

Overfull \hbox (1.98607pt too wide) in paragraph at lines 222--223
[]$\OT1/cmr/m/n/10 (\OML/cmm/m/it/10 X; Y; Z; DIST[]ANCORA\OT1/cmr/m/n/10 0\OML
/cmm/m/it/10 ; DIST[]ANCORA\OT1/cmr/m/n/10 1\OML/cmm/m/it/10 ; DIST[]ANCORA\OT1
/cmr/m/n/10 2\OML/cmm/m/it/10 ; DIST[]ANCORA\OT1/cmr/m/n/10 3)$\T1/cmr/m/n/10 .
 
 []

[10 <./pozyx_pins2.png>]
<processing_dimostration.png, id=300, 481.8pt x 320.99925pt>
File: processing_dimostration.png Graphic file (type png)
<use processing_dimostration.png>
Package pdftex.def Info: processing_dimostration.png  used on input line 228.
(pdftex.def)             Requested size: 433.61598pt x 288.89665pt.

Overfull \hbox (6.82463pt too wide) in paragraph at lines 228--229
 [][] 
 []

[11] [12 <./processing_dimostration.png>]
<ardu_tag.png, id=315, 1107.38719pt x 216.05719pt>
File: ardu_tag.png Graphic file (type png)
<use ardu_tag.png>
Package pdftex.def Info: ardu_tag.png  used on input line 250.
(pdftex.def)             Requested size: 420.81151pt x 82.10257pt.


Package hyperref Warning: Token not allowed in a PDF string (PDFDocEncoding):
(hyperref)                removing `math shift' on input line 254.


Package hyperref Warning: Token not allowed in a PDF string (PDFDocEncoding):
(hyperref)                removing `superscript' on input line 254.


Package hyperref Warning: Token not allowed in a PDF string (PDFDocEncoding):
(hyperref)                removing `math shift' on input line 254.

[13 <./ardu_tag.png>] [14] [15]
Underfull \hbox (badness 10000) in paragraph at lines 305--316

 []

[16]
Overfull \hbox (2.41063pt too wide) in paragraph at lines 335--336
\T1/cmr/m/n/12 mo-di-fi-ca al-la li-bre-ria Ë sta-ta quel-la di ren-de-re l'in-
di-riz-zo (\T1/cmr/m/it/12 PO-ZYX_I2C_ADDRESS\T1/cmr/m/n/12 ),
 []

[17] [18] [19]

Package hyperref Warning: Token not allowed in a PDF string (PDFDocEncoding):
(hyperref)                removing `math shift' on input line 369.


Package hyperref Warning: Token not allowed in a PDF string (PDFDocEncoding):
(hyperref)                removing `superscript' on input line 369.


Package hyperref Warning: Token not allowed in a PDF string (PDFDocEncoding):
(hyperref)                removing `math shift' on input line 369.

[20] [21] [22]
<pozyx_doPos_freq.png, id=391, 1610.26593pt x 441.90094pt>
File: pozyx_doPos_freq.png Graphic file (type png)
<use pozyx_doPos_freq.png>
Package pdftex.def Info: pozyx_doPos_freq.png  used on input line 458.
(pdftex.def)             Requested size: 418.65927pt x 114.89153pt.
<durata_pozyx.png, id=392, 2258.4375pt x 903.375pt>
File: durata_pozyx.png Graphic file (type png)
<use durata_pozyx.png>
Package pdftex.def Info: durata_pozyx.png  used on input line 464.
(pdftex.def)             Requested size: 383.92929pt x 153.57172pt.
 [23 <./pozyx_doPos_freq.png> <./durata_pozyx.png>]pdfTeX warning (ext4): desti
nation with the same identifier (name{SS2}) has been already used, duplicate ig
nored
<to be read again> 
                   \relax 
l.509 			\hypertarget{SS2}{Come}
                                 gi√† anticipato, Arduino comunica con il pc...
[24]
<conf_serial_newSerial.png, id=406, 795.72281pt x 365.11406pt>
File: conf_serial_newSerial.png Graphic file (type png)
<use conf_serial_newSerial.png>
Package pdftex.def Info: conf_serial_newSerial.png  used on input line 514.
(pdftex.def)             Requested size: 358.07195pt x 164.2998pt.
 [25 <./conf_serial_newSerial.png>]

LaTeX Warning: `h' float specifier changed to `ht'.

[26]
<FUWBconfigurator.png, id=423, 320.99925pt x 396.88275pt>
File: FUWBconfigurator.png Graphic file (type png)
<use FUWBconfigurator.png>
Package pdftex.def Info: FUWBconfigurator.png  used on input line 576.
(pdftex.def)             Requested size: 192.60103pt x 238.13148pt.

Underfull \hbox (badness 10000) in paragraph at lines 573--578

 []

[27]
<FreqBit.jpg, id=433, 1371.1225pt x 606.265pt>
File: FreqBit.jpg Graphic file (type jpg)
<use FreqBit.jpg>
Package pdftex.def Info: FreqBit.jpg  used on input line 585.
(pdftex.def)             Requested size: 411.33992pt x 181.8809pt.
 [28 <./FUWBconfigurator.png>]
<FreqPlen.jpg, id=441, 1371.1225pt x 606.265pt>
File: FreqPlen.jpg Graphic file (type jpg)
<use FreqPlen.jpg>
Package pdftex.def Info: FreqPlen.jpg  used on input line 609.
(pdftex.def)             Requested size: 411.33992pt x 181.8809pt.
 [29 <./FreqBit.jpg>]
Underfull \hbox (badness 10000) in paragraph at lines 631--632

 []

<FreqChan.jpg, id=449, 1371.1225pt x 606.265pt>
File: FreqChan.jpg Graphic file (type jpg)
<use FreqChan.jpg>
Package pdftex.def Info: FreqChan.jpg  used on input line 637.
(pdftex.def)             Requested size: 411.33992pt x 181.8809pt.
[30 <./FreqPlen.jpg>]
<EspGain.png, id=458, 1204.5pt x 520.94624pt>
File: EspGain.png Graphic file (type png)
<use EspGain.png>
Package pdftex.def Info: EspGain.png  used on input line 666.
(pdftex.def)             Requested size: 301.12427pt x 130.23624pt.


LaTeX Warning: `h' float specifier changed to `ht'.


LaTeX Warning: `h' float specifier changed to `ht'.

[31 <./FreqChan.jpg>]
<EspPrecis.png, id=468, 481.8pt x 320.99925pt>
File: EspPrecis.png Graphic file (type png)
<use EspPrecis.png>
Package pdftex.def Info: EspPrecis.png  used on input line 706.
(pdftex.def)             Requested size: 264.99081pt x 176.55013pt.


LaTeX Warning: `h' float specifier changed to `ht'.

<EspPrecis1.png, id=472, 705.38531pt x 1300.86pt>
File: EspPrecis1.png Graphic file (type png)
<use EspPrecis1.png>
Package pdftex.def Info: EspPrecis1.png  used on input line 713.
(pdftex.def)             Requested size: 317.42046pt x 585.3816pt.
[32 <./EspGain.png>] [33 <./EspPrecis.png>] [34 <./EspPrecis1.png>] [35]
[36] [37]
<EspOutRan.png, id=512, 705.38531pt x 938.00438pt>
File: EspOutRan.png Graphic file (type png)
<use EspOutRan.png>
Package pdftex.def Info: EspOutRan.png  used on input line 835.
(pdftex.def)             Requested size: 246.88855pt x 328.30644pt.
 [38]
<EspOut110.png, id=518, 2032.59375pt x 3237.09375pt>
File: EspOut110.png Graphic file (type png)
<use EspOut110.png>
Package pdftex.def Info: EspOut110.png  used on input line 842.
(pdftex.def)             Requested size: 345.53636pt x 550.29868pt.
 [39 <./EspOutRan.png>]
<EspOut850.png, id=524, 2032.59375pt x 3237.09375pt>
File: EspOut850.png Graphic file (type png)
<use EspOut850.png>
Package pdftex.def Info: EspOut850.png  used on input line 848.
(pdftex.def)             Requested size: 345.53636pt x 550.29868pt.
 [40 <./EspOut110.png>]
<EspOut6810.png, id=531, 2032.59375pt x 3237.09375pt>
File: EspOut6810.png Graphic file (type png)
<use EspOut6810.png>
Package pdftex.def Info: EspOut6810.png  used on input line 854.
(pdftex.def)             Requested size: 345.53636pt x 550.29868pt.
 [41 <./EspOut850.png>] [42 <./EspOut6810.png>]
<EspOutConfig.png, id=546, 1093.83656pt x 693.34032pt>
File: EspOutConfig.png Graphic file (type png)
<use EspOutConfig.png>
Package pdftex.def Info: EspOutConfig.png  used on input line 887.
(pdftex.def)             Requested size: 360.96718pt x 228.80301pt.
 [43]
<EspOutPos1.png, id=555, 2107.875pt x 2849.39531pt>
File: EspOutPos1.png Graphic file (type png)
<use EspOutPos1.png>
Package pdftex.def Info: EspOutPos1.png  used on input line 894.
(pdftex.def)             Requested size: 421.56754pt x 569.86897pt.
 [44 <./EspOutConfig.png>]
Overfull \vbox (2.36896pt too high) has occurred while \output is active []


[45 <./EspOutPos1.png>] [46] [47]
<EspOutPos20_1.png, id=581, 1053.9375pt x 790.45313pt>
File: EspOutPos20_1.png Graphic file (type png)
<use EspOutPos20_1.png>
Package pdftex.def Info: EspOutPos20_1.png  used on input line 1019.
(pdftex.def)             Requested size: 316.18369pt x 237.13776pt.
 [48]
<EspOutPos20_2.png, id=589, 1053.9375pt x 790.45313pt>
File: EspOutPos20_2.png Graphic file (type png)
<use EspOutPos20_2.png>
Package pdftex.def Info: EspOutPos20_2.png  used on input line 1025.
(pdftex.def)             Requested size: 316.18369pt x 237.13776pt.
<EspOutPos20.png, id=590, 1053.9375pt x 790.45313pt>
File: EspOutPos20.png Graphic file (type png)
<use EspOutPos20.png>
Package pdftex.def Info: EspOutPos20.png  used on input line 1031.
(pdftex.def)             Requested size: 474.2675pt x 355.7006pt.

Overfull \hbox (47.47615pt too wide) in paragraph at lines 1031--1032
 [][] 
 []

[49 <./EspOutPos20_1.png> <./EspOutPos20_2.png>]
<EspOutPos2.png, id=598, 2107.875pt x 2849.39531pt>
File: EspOutPos2.png Graphic file (type png)
<use EspOutPos2.png>
Package pdftex.def Info: EspOutPos2.png  used on input line 1037.
(pdftex.def)             Requested size: 421.56754pt x 569.86897pt.
 [50 <./EspOutPos20.png (PNG copy)>]
Overfull \vbox (2.36896pt too high) has occurred while \output is active []


[51 <./EspOutPos2.png>]
<EspOutPos30_1.png, id=608, 1053.9375pt x 790.45313pt>
File: EspOutPos30_1.png Graphic file (type png)
<use EspOutPos30_1.png>
Package pdftex.def Info: EspOutPos30_1.png  used on input line 1043.
(pdftex.def)             Requested size: 316.18369pt x 237.13776pt.
<EspOutPos30_2.png, id=609, 1053.9375pt x 790.45313pt>
File: EspOutPos30_2.png Graphic file (type png)
<use EspOutPos30_2.png>
Package pdftex.def Info: EspOutPos30_2.png  used on input line 1049.
(pdftex.def)             Requested size: 316.18369pt x 237.13776pt.
<EspOutPos30.png, id=610, 1053.9375pt x 790.45313pt>
File: EspOutPos30.png Graphic file (type png)
<use EspOutPos30.png>
Package pdftex.def Info: EspOutPos30.png  used on input line 1055.
(pdftex.def)             Requested size: 474.2675pt x 355.7006pt.

Overfull \hbox (47.47615pt too wide) in paragraph at lines 1055--1056
 [][] 
 []

[52 <./EspOutPos30_1.png> <./EspOutPos30_2.png>] [53 <./EspOutPos30.png (PNG co
py)>] [54] [55] [56]
Underfull \hbox (badness 10000) in paragraph at lines 1270--1273

 []

[57]
Underfull \hbox (badness 10000) in paragraph at lines 1274--1279

 []

[58]
<ConfDist.png, id=648, 2363.07843pt x 1306.12968pt>
File: ConfDist.png Graphic file (type png)
<use ConfDist.png>
Package pdftex.def Info: ConfDist.png  used on input line 1290.
(pdftex.def)             Requested size: 401.71802pt x 222.03911pt.

Underfull \hbox (badness 10000) in paragraph at lines 1280--1292

 []

<PosRangTag1.png, id=651, 2372.11218pt x 1279.78125pt>
File: PosRangTag1.png Graphic file (type png)
<use PosRangTag1.png>
Package pdftex.def Info: PosRangTag1.png  used on input line 1297.
(pdftex.def)             Requested size: 426.96178pt x 230.35068pt.

Underfull \hbox (badness 10000) in paragraph at lines 1293--1299

 []

[59 <./ConfDist.png>]
<PosRangTag2.png, id=659, 2372.11218pt x 1279.78125pt>
File: PosRangTag2.png Graphic file (type png)
<use PosRangTag2.png>
Package pdftex.def Info: PosRangTag2.png  used on input line 1302.
(pdftex.def)             Requested size: 426.96178pt x 230.35068pt.
 [60 <./PosRangTag1.png>] [61 <./PosRangTag2.png>]

LaTeX Warning: Command \textellipsis invalid in math mode on input line 1317.

<Cattura.png, id=672, 2882.51906pt x 1546.27687pt>
File: Cattura.png Graphic file (type png)
<use Cattura.png>
Package pdftex.def Info: Cattura.png  used on input line 1320.
(pdftex.def)             Requested size: 432.3592pt x 231.93152pt.

Overfull \hbox (5.56786pt too wide) in paragraph at lines 1320--1321
 [][] 
 []

[62]
<NoLine.png, id=681, 1204.5pt x 720.44156pt>
File: NoLine.png Graphic file (type png)
<use NoLine.png>
Package pdftex.def Info: NoLine.png  used on input line 1326.
(pdftex.def)             Requested size: 240.89574pt x 144.08575pt.
<DiffAncors.png, id=682, 713.66624pt x 705.38531pt>
File: DiffAncors.png Graphic file (type png)
<use DiffAncors.png>
Package pdftex.def Info: DiffAncors.png  used on input line 1327.
(pdftex.def)             Requested size: 142.73071pt x 141.07455pt.
<PosAncors.png, id=683, 1157.82562pt x 636.87938pt>
File: PosAncors.png Graphic file (type png)
<use PosAncors.png>
Package pdftex.def Info: PosAncors.png  used on input line 1332.
(pdftex.def)             Requested size: 405.24504pt x 222.91112pt.
 [63 <./Cattura.png> <./NoLine.png> <./DiffAncors.png>] [64 <./PosAncors.png>]
<Connessioni.png, id=702, 1204.5pt x 639.89063pt>
File: Connessioni.png Graphic file (type png)
<use Connessioni.png>
Package pdftex.def Info: Connessioni.png  used on input line 1345.
(pdftex.def)             Requested size: 421.58131pt x 223.96507pt.
 [65 <./Connessioni.png>] [66] [67] [68]
<UNOsch.png, id=729, 1760.82843pt x 2491.05656pt>
File: UNOsch.png Graphic file (type png)
<use UNOsch.png>
Package pdftex.def Info: UNOsch.png  used on input line 1395.
(pdftex.def)             Requested size: 387.38345pt x 548.03415pt.
 [69 <./UNOsch.png>]
(c:/texlive/2017/texmf-dist/tex/latex/listings/lstlang1.sty
File: lstlang1.sty 2015/06/04 1.6 listings language file
)
(./salva_simula.pde
LaTeX Font Info:    Font shape `OMS/cmr/m/n' in size <6> not available
(Font)              Font shape `OMS/cmsy/m/n' tried instead on input line 30.

Overfull \hbox (30.7001pt too wide) in paragraph at lines 31--33
[][][][][][][][][][][][][][][][][][][][][][][][][][][][][][][][][][][][][][][][
][][][] 
 []

[70]
Overfull \hbox (8.70532pt too wide) in paragraph at lines 70--72
[][][][][][][][][][][][][][][][][][][][][][][][][][][][][][][][][][][][][][][][
][][] 
 []


Overfull \hbox (4.30637pt too wide) in paragraph at lines 102--103
[][][][][][][][][][][][][][][][][][][][][][][][][][][][][][][][][][][][][] 
 []

[71]) [72]
<flowchart_doPositioning.pdf, id=966, 844.15375pt x 1195.46625pt>
File: flowchart_doPositioning.pdf Graphic file (type pdf)
<use flowchart_doPositioning.pdf>
Package pdftex.def Info: flowchart_doPositioning.pdf  used on input line 1407.
(pdftex.def)             Requested size: 422.07584pt x 597.73166pt.
 [73]
Overfull \vbox (15.53319pt too high) has occurred while \output is active []


[74 <./flowchart_doPositioning.pdf

pdfTeX warning: pdflatex.exe (file ./flowchart_doPositioning.pdf): PDF inclusio
n: invalid other resource which is no dict (key 'ProcSets', type <array>); igno
red.
>] (c:/texlive/2017/texmf-dist/tex/latex/listings/lstlang1.sty
File: lstlang1.sty 2015/06/04 1.6 listings language file
)
(c:/texlive/2017/texmf-dist/tex/latex/listings/lstmisc.sty
File: lstmisc.sty 2015/06/04 1.6 (Carsten Heinz)
)
(./sketch_dimostrativo.ino

! Package inputenc Error: Unicode char √\expandafter (U+4F1)
(inputenc)                not set up for use with LaTeX.

See the inputenc package documentation for explanation.
Type  H <return>  for immediate help.
 ...                                              
                                                  
l.8 //  cui viene definito il network definir√† 
                                                il SDR del sistema Pozyx. Un...

? 

! Package inputenc Error: Keyboard character used is undefined
(inputenc)                in inputencoding `utf8'.

See the inputenc package documentation for explanation.
Type  H <return>  for immediate help.
 ...                                              
                                                  
l.8 //  cui viene definito il network definir√† 
                                                il SDR del sistema Pozyx. Un...

? 

! Package inputenc Error: Unicode char √\expandafter (U+4F1)
(inputenc)                not set up for use with LaTeX.

See the inputenc package documentation for explanation.
Type  H <return>  for immediate help.
 ...                                              
                                                  
l.9 //  ci√≤ 
             √® possibile definire se il tag di cui si vuol avere informazio...

? 

! Package inputenc Error: Keyboard character used is undefined
(inputenc)                in inputencoding `utf8'.

See the inputenc package documentation for explanation.
Type  H <return>  for immediate help.
 ...                                              
                                                  
l.9 //  ci√≤ 
             √® possibile definire se il tag di cui si vuol avere informazio...

? 

! Package inputenc Error: Unicode char √\lst@FillFixed@ (U+5A9)
(inputenc)                not set up for use with LaTeX.

See the inputenc package documentation for explanation.
Type  H <return>  for immediate help.
 ...                                              
                                                  
l.9 //  ci√≤ √® 
                possibile definire se il tag di cui si vuol avere informazio...

? 

! Package inputenc Error: Keyboard character used is undefined
(inputenc)                in inputencoding `utf8'.

See the inputenc package documentation for explanation.
Type  H <return>  for immediate help.
 ...                                              
                                                  
l.9 //  ci√≤ √® 
                possibile definire se il tag di cui si vuol avere informazio...

? 

! Package inputenc Error: Unicode char √\lst@FillFixed@ (U+5A9)
(inputenc)                not set up for use with LaTeX.

See the inputenc package documentation for explanation.
Type  H <return>  for immediate help.
 ...                                              
                                                  
l.9 ...l tag di cui si vuol avere informazioni √® 
                                                  remoto o
? 

! Package inputenc Error: Keyboard character used is undefined
(inputenc)                in inputencoding `utf8'.

See the inputenc package documentation for explanation.
Type  H <return>  for immediate help.
 ...                                              
                                                  
l.9 ...l tag di cui si vuol avere informazioni √® 
                                                  remoto o
? 

! Package inputenc Error: Unicode char √\lst@FillFixed@ (U+5A9)
(inputenc)                not set up for use with LaTeX.

See the inputenc package documentation for explanation.
Type  H <return>  for immediate help.
 ...                                              
                                                  
l.10 ... sketch solo il secondo di questi casi √® 
                                                  preso in considerazione.
? 

! Package inputenc Error: Keyboard character used is undefined
(inputenc)                in inputencoding `utf8'.

See the inputenc package documentation for explanation.
Type  H <return>  for immediate help.
 ...                                              
                                                  
l.10 ... sketch solo il secondo di questi casi √® 
                                                  preso in considerazione.
? 

! Package inputenc Error: Unicode char √\expandafter (U+4F1)
(inputenc)                not set up for use with LaTeX.

See the inputenc package documentation for explanation.
Type  H <return>  for immediate help.
 ...                                              
                                                  
l.11 ...ogare un dispositivo in remoto bisogner√† 
                                                  sostituire
? 

! Package inputenc Error: Keyboard character used is undefined
(inputenc)                in inputencoding `utf8'.

See the inputenc package documentation for explanation.
Type  H <return>  for immediate help.
 ...                                              
                                                  
l.11 ...ogare un dispositivo in remoto bisogner√† 
                                                  sostituire
? 

! Package inputenc Error: Unicode char √\lst@FillFixed@ (U+5A9)
(inputenc)                not set up for use with LaTeX.

See the inputenc package documentation for explanation.
Type  H <return>  for immediate help.
 ...                                              
                                                  
l.16 //  sketch √® 
                   affidata alla libreria SerialPort (Serial-->NewSerial)
? 

! Package inputenc Error: Keyboard character used is undefined
(inputenc)                in inputencoding `utf8'.

See the inputenc package documentation for explanation.
Type  H <return>  for immediate help.
 ...                                              
                                                  
l.16 //  sketch √® 
                   affidata alla libreria SerialPort (Serial-->NewSerial)
? 

! Package inputenc Error: Unicode char √\lst@FillFixed@ (U+5A9)
(inputenc)                not set up for use with LaTeX.

See the inputenc package documentation for explanation.
Type  H <return>  for immediate help.
 ...                                              
                                                  
l.49 ...due strutture dati in quanto lo sketch √® 
                                                  pensato per l'utilizzo
? 

! Package inputenc Error: Keyboard character used is undefined
(inputenc)                in inputencoding `utf8'.

See the inputenc package documentation for explanation.
Type  H <return>  for immediate help.
 ...                                              
                                                  
l.49 ...due strutture dati in quanto lo sketch √® 
                                                  pensato per l'utilizzo
? 
[75]

! Package inputenc Error: Unicode char √\lst@FillFixed@ (U+5A9)
(inputenc)                not set up for use with LaTeX.

See the inputenc package documentation for explanation.
Type  H <return>  for immediate help.
 ...                                              
                                                  
l.76 ...collo del ranging Pozyx; l'alternativa √® 
                                                  l'algoritmo PRECISION sett...

? 

! Package inputenc Error: Keyboard character used is undefined
(inputenc)                in inputencoding `utf8'.

See the inputenc package documentation for explanation.
Type  H <return>  for immediate help.
 ...                                              
                                                  
l.76 ...collo del ranging Pozyx; l'alternativa √® 
                                                  l'algoritmo PRECISION sett...

? 

! Package inputenc Error: Unicode char √\lst@FillFixed@ (U+5A9)
(inputenc)                not set up for use with LaTeX.

See the inputenc package documentation for explanation.
Type  H <return>  for immediate help.
 ...                                              
                                                  
l.79 // algoritmo di positioning, √® 
                                     possibile settare anche POZYX_POS_ALG_T...

? 

! Package inputenc Error: Keyboard character used is undefined
(inputenc)                in inputencoding `utf8'.

See the inputenc package documentation for explanation.
Type  H <return>  for immediate help.
 ...                                              
                                                  
l.79 // algoritmo di positioning, √® 
                                     possibile settare anche POZYX_POS_ALG_T...

? 

! Package inputenc Error: Unicode char √\expandafter (U+4F1)
(inputenc)                not set up for use with LaTeX.

See the inputenc package documentation for explanation.
Type  H <return>  for immediate help.
 ...                                              
                                                  
l.84 ...X_2.5D, POZYX_3D. La seconda possibilit√† 
                                                  fornisce il
? 

! Package inputenc Error: Keyboard character used is undefined
(inputenc)                in inputencoding `utf8'.

See the inputenc package documentation for explanation.
Type  H <return>  for immediate help.
 ...                                              
                                                  
l.84 ...X_2.5D, POZYX_3D. La seconda possibilit√† 
                                                  fornisce il
? 
[76]
Overfull \hbox (8.70532pt too wide) in paragraph at lines 175--176
[][][][][][][][][][][][][][][][][][][][][][][][][][][][][][][][][][][][][][][][
][][][][][][][][][][] 
 []

[77]) [78] (./Relazione_Avantaggiato_Bagal‡.bbl
Underfull \hbox (badness 10000) in paragraph at lines 37--38
[][]$\T1/cmtt/m/n/12 http : / / www . crivellaro . net / wp-[]content / uploads
 / 2017 / 03 /
 []


Underfull \hbox (badness 10000) in paragraph at lines 40--41
[][]$\T1/cmtt/m/n/12 https : / / github . com / sparkfun / OpenLog / tree / mas
ter / Libraries /
 []

)
Package atveryend Info: Empty hook `BeforeClearDocument' on input line 1421.
 [79

]
Package atveryend Info: Empty hook `AfterLastShipout' on input line 1421.
 (./Relazione_Avantaggiato_Bagal‡.aux)
Package atveryend Info: Executing hook `AtVeryEndDocument' on input line 1421.
Package atveryend Info: Executing hook `AtEndAfterFileList' on input line 1421.

Package rerunfilecheck Info: File `Relazione_Avantaggiato_Bagal‡.out' has not c
hanged.
(rerunfilecheck)             Checksum: B21BE726F9288A89D157B5E0DE3C8B5B;2744.


LaTeX Warning: There were multiply-defined labels.

 ) 
Here is how much of TeX's memory you used:
 12980 strings out of 492982
 186365 string characters out of 6136225
 456262 words of memory out of 5000000
 15569 multiletter control sequences out of 15000+600000
 29396 words of font info for 77 fonts, out of 8000000 for 9000
 1141 hyphenation exceptions out of 8191
 36i,16n,77p,1900b,1763s stack positions out of 5000i,500n,10000p,200000b,80000s
pdfTeX warning (dest): name{SS5} has been referenced but does not exist, repl
aced by a fixed one

pdfTeX warning (dest): name{S3} has been referenced but does not exist, replace
d by a fixed one

{c:/texlive/2017/texmf-dist/fonts/enc/dvips/cm-super/cm-super-t1.enc}<c:/texliv
e/2017/texmf-dist/fonts/type1/public/amsfonts/cm/cmex10.pfb><c:/texlive/2017/te
xmf-dist/fonts/type1/public/amsfonts/cm/cmmi10.pfb><c:/texlive/2017/texmf-dist/
fonts/type1/public/amsfonts/cm/cmmi12.pfb><c:/texlive/2017/texmf-dist/fonts/typ
e1/public/amsfonts/cm/cmr10.pfb><c:/texlive/2017/texmf-dist/fonts/type1/public/
amsfonts/cm/cmr12.pfb><c:/texlive/2017/texmf-dist/fonts/type1/public/amsfonts/c
m/cmr8.pfb><c:/texlive/2017/texmf-dist/fonts/type1/public/amsfonts/cm/cmsy10.pf
b><c:/texlive/2017/texmf-dist/fonts/type1/public/amsfonts/cm/cmsy6.pfb><c:/texl
ive/2017/texmf-dist/fonts/type1/public/cm-super/sfbi1440.pfb><c:/texlive/2017/t
exmf-dist/fonts/type1/public/cm-super/sfbi1728.pfb><c:/texlive/2017/texmf-dist/
fonts/type1/public/cm-super/sfbi2074.pfb><c:/texlive/2017/texmf-dist/fonts/type
1/public/cm-super/sfbx0800.pfb><c:/texlive/2017/texmf-dist/fonts/type1/public/c
m-super/sfbx1200.pfb><c:/texlive/2017/texmf-dist/fonts/type1/public/cm-super/sf
bx1440.pfb><c:/texlive/2017/texmf-dist/fonts/type1/public/cm-super/sfbx1728.pfb
><c:/texlive/2017/texmf-dist/fonts/type1/public/cm-super/sfbx2488.pfb><c:/texli
ve/2017/texmf-dist/fonts/type1/public/cm-super/sfrm0500.pfb><c:/texlive/2017/te
xmf-dist/fonts/type1/public/cm-super/sfrm0600.pfb><c:/texlive/2017/texmf-dist/f
onts/type1/public/cm-super/sfrm0700.pfb><c:/texlive/2017/texmf-dist/fonts/type1
/public/cm-super/sfrm0800.pfb><c:/texlive/2017/texmf-dist/fonts/type1/public/cm
-super/sfrm1000.pfb><c:/texlive/2017/texmf-dist/fonts/type1/public/cm-super/sfr
m1200.pfb><c:/texlive/2017/texmf-dist/fonts/type1/public/cm-super/sfrm1440.pfb>
<c:/texlive/2017/texmf-dist/fonts/type1/public/cm-super/sfti1095.pfb><c:/texliv
e/2017/texmf-dist/fonts/type1/public/cm-super/sfti1200.pfb><c:/texlive/2017/tex
mf-dist/fonts/type1/public/cm-super/sftt1200.pfb><c:/texlive/2017/texmf-dist/fo
nts/type1/public/cm-super/sftt1440.pfb>
Output written on Relazione_Avantaggiato_Bagal‡.pdf (80 pages, 21626159 bytes).

PDF statistics:
 1522 PDF objects out of 1728 (max. 8388607)
 1331 compressed objects within 14 object streams
 675 named destinations out of 1000 (max. 500000)
 487 words of extra memory for PDF output out of 10000 (max. 10000000)

